<?xml version="1.0" encoding="UTF-8"?>
<!-- Generated by org.testng.reporters.JUnitXMLReporter -->
<testsuite hostname="rogerdeMacBook-Pro.local" name="IOSTest2" tests="9" failures="1" timestamp="25 Jul 2017 08:19:35 GMT" time="117.237" errors="0">
  <testcase name="test_case_channelPageTest" time="33.228" classname="com.youku.cases.SmokeTest"/>
  <testcase name="test_case_downLoadTest" time="34.8" classname="com.youku.cases.SmokeTest">
    <failure type="java.lang.ClassCastException" message="com.alibaba.fastjson.JSONObject cannot be cast to com.alibaba.fastjson.JSONArray">
      <![CDATA[java.lang.ClassCastException: com.alibaba.fastjson.JSONObject cannot be cast to com.alibaba.fastjson.JSONArray
	at macaca.client.MacacaClient.findElements(MacacaClient.java:207)
	at macaca.client.MacacaClient.elementsByClassName(MacacaClient.java:678)
	at macaca.client.MacacaClient.getElementSelector(MacacaClient.java:434)
	at macaca.client.MacacaClient.countOfElements(MacacaClient.java:410)
	at macaca.java.biz.BaseMacacaClient.countOfElment(BaseMacacaClient.java:97)
	at com.youku.pages.VideoDetialPage.oppositeClikBtn(VideoDetialPage.java:34)
	at com.youku.cases.SmokeTest.test_case_downLoadTest(SmokeTest.java:154)
	at java.util.concurrent.FutureTask.run(FutureTask.java:266)
	at java.util.concurrent.ThreadPoolExecutor.runWorker(ThreadPoolExecutor.java:1142)
	at java.util.concurrent.ThreadPoolExecutor$Worker.run(ThreadPoolExecutor.java:617)
	at java.lang.Thread.run(Thread.java:745)
... Removed 16 stack frames]]>
    </failure>
  </testcase> <!-- test_case_downLoadTest -->
  <testcase name="test_case_homePageTest" time="0.018" classname="com.youku.cases.SmokeTest"/>
  <testcase name="test_case_minePageTest" time="2.052" classname="com.youku.cases.SmokeTest"/>
  <testcase name="test_case_playPageTest" time="6.105" classname="com.youku.cases.SmokeTest"/>
  <testcase name="test_case_searchTest" time="0.063" classname="com.youku.cases.SmokeTest"/>
  <testcase name="test_case_subscribePageTest" time="2.05" classname="com.youku.cases.SmokeTest"/>
  <testcase name="test_case_topLinePageTest" time="2.042" classname="com.youku.cases.SmokeTest"/>
  <testcase name="test_case_vipPageTest" time="2.045" classname="com.youku.cases.SmokeTest"/>
</testsuite> <!-- IOSTest2 -->
