<?xml version="1.0" encoding="UTF-8"?>
<!-- Generated by org.testng.reporters.JUnitXMLReporter -->
<testsuite hostname="rogerdeMacBook-Pro.local" name="Default test" tests="9" failures="0" timestamp="31 Jul 2017 10:14:01 GMT" time="0.062" errors="0">
  <testcase name="@BeforeTest beforeRunTest" time="0.0" classname="com.youku.cases.SmokeTest">
    <failure type="org.testng.TestNGException" message="
Parameter &amp;apos;port&amp;apos; is required by @Configuration on method beforeRunTest but has not been marked @Optional or defined
in /private/var/folders/sm/hj435yss0cb4l3l3n3234jm40000gn/T/testng-eclipse--274038684/testng-customsuite.xml">
      <![CDATA[org.testng.TestNGException: 
Parameter 'port' is required by @Configuration on method beforeRunTest but has not been marked @Optional or defined
in /private/var/folders/sm/hj435yss0cb4l3l3n3234jm40000gn/T/testng-eclipse--274038684/testng-customsuite.xml
	at org.testng.internal.Parameters.createParameters(Parameters.java:154)
	at org.testng.internal.Parameters.createParameters(Parameters.java:361)
	at org.testng.internal.Parameters.createConfigurationParameters(Parameters.java:84)
	at org.testng.internal.Invoker.invokeConfigurations(Invoker.java:201)
	at org.testng.internal.Invoker.invokeConfigurations(Invoker.java:142)
	at org.testng.TestRunner.beforeRun(TestRunner.java:656)
	at org.testng.TestRunner.run(TestRunner.java:624)
	at org.testng.SuiteRunner.runTest(SuiteRunner.java:366)
	at org.testng.SuiteRunner.runSequentially(SuiteRunner.java:361)
	at org.testng.SuiteRunner.privateRun(SuiteRunner.java:319)
	at org.testng.SuiteRunner.run(SuiteRunner.java:268)
	at org.testng.SuiteRunnerWorker.runSuite(SuiteRunnerWorker.java:52)
	at org.testng.SuiteRunnerWorker.run(SuiteRunnerWorker.java:86)
	at org.testng.TestNG.runSuitesSequentially(TestNG.java:1244)
	at org.testng.TestNG.runSuitesLocally(TestNG.java:1169)
	at org.testng.TestNG.run(TestNG.java:1064)
	at org.testng.remote.AbstractRemoteTestNG.run(AbstractRemoteTestNG.java:132)
	at org.testng.remote.RemoteTestNG.initAndRun(RemoteTestNG.java:230)
	at org.testng.remote.RemoteTestNG.main(RemoteTestNG.java:76)
]]>
    </failure>
  </testcase> <!-- @BeforeTest beforeRunTest -->
  <testcase name="@BeforeMethod beforeRunCase" time="0.0" classname="com.youku.cases.SmokeTest">
    <skipped/>
  </testcase> <!-- @BeforeMethod beforeRunCase -->
  <testcase name="@AfterMethod afterRunCase" time="0.0" classname="com.youku.cases.SmokeTest">
    <skipped/>
  </testcase> <!-- @AfterMethod afterRunCase -->
  <testcase name="@BeforeMethod beforeRunCase" time="0.0" classname="com.youku.cases.SmokeTest">
    <skipped/>
  </testcase> <!-- @BeforeMethod beforeRunCase -->
  <testcase name="@AfterMethod afterRunCase" time="0.0" classname="com.youku.cases.SmokeTest">
    <skipped/>
  </testcase> <!-- @AfterMethod afterRunCase -->
  <testcase name="@BeforeMethod beforeRunCase" time="0.0" classname="com.youku.cases.SmokeTest">
    <skipped/>
  </testcase> <!-- @BeforeMethod beforeRunCase -->
  <testcase name="@AfterMethod afterRunCase" time="0.0" classname="com.youku.cases.SmokeTest">
    <skipped/>
  </testcase> <!-- @AfterMethod afterRunCase -->
  <testcase name="@BeforeMethod beforeRunCase" time="0.0" classname="com.youku.cases.SmokeTest">
    <skipped/>
  </testcase> <!-- @BeforeMethod beforeRunCase -->
  <testcase name="@AfterMethod afterRunCase" time="0.0" classname="com.youku.cases.SmokeTest">
    <skipped/>
  </testcase> <!-- @AfterMethod afterRunCase -->
  <testcase name="@BeforeMethod beforeRunCase" time="0.0" classname="com.youku.cases.SmokeTest">
    <skipped/>
  </testcase> <!-- @BeforeMethod beforeRunCase -->
  <testcase name="@AfterMethod afterRunCase" time="0.0" classname="com.youku.cases.SmokeTest">
    <skipped/>
  </testcase> <!-- @AfterMethod afterRunCase -->
  <testcase name="@BeforeMethod beforeRunCase" time="0.0" classname="com.youku.cases.SmokeTest">
    <skipped/>
  </testcase> <!-- @BeforeMethod beforeRunCase -->
  <testcase name="@AfterMethod afterRunCase" time="0.0" classname="com.youku.cases.SmokeTest">
    <skipped/>
  </testcase> <!-- @AfterMethod afterRunCase -->
  <testcase name="@BeforeMethod beforeRunCase" time="0.0" classname="com.youku.cases.SmokeTest">
    <skipped/>
  </testcase> <!-- @BeforeMethod beforeRunCase -->
  <testcase name="@AfterMethod afterRunCase" time="0.0" classname="com.youku.cases.SmokeTest">
    <skipped/>
  </testcase> <!-- @AfterMethod afterRunCase -->
  <testcase name="@BeforeMethod beforeRunCase" time="0.0" classname="com.youku.cases.SmokeTest">
    <skipped/>
  </testcase> <!-- @BeforeMethod beforeRunCase -->
  <testcase name="@AfterMethod afterRunCase" time="0.0" classname="com.youku.cases.SmokeTest">
    <skipped/>
  </testcase> <!-- @AfterMethod afterRunCase -->
  <testcase name="@BeforeMethod beforeRunCase" time="0.0" classname="com.youku.cases.SmokeTest">
    <skipped/>
  </testcase> <!-- @BeforeMethod beforeRunCase -->
  <testcase name="@AfterMethod afterRunCase" time="0.0" classname="com.youku.cases.SmokeTest">
    <skipped/>
  </testcase> <!-- @AfterMethod afterRunCase -->
  <testcase name="@AfterTest tearDown" time="0.0" classname="com.youku.cases.SmokeTest">
    <skipped/>
  </testcase> <!-- @AfterTest tearDown -->
  <testcase name="test_case_channelPageTest" time="0.004" classname="com.youku.cases.SmokeTest">
    <skipped/>
  </testcase> <!-- test_case_channelPageTest -->
  <testcase name="test_case_downLoadTest" time="0.001" classname="com.youku.cases.SmokeTest">
    <skipped/>
  </testcase> <!-- test_case_downLoadTest -->
  <testcase name="test_case_homePageTest" time="0.001" classname="com.youku.cases.SmokeTest">
    <skipped/>
  </testcase> <!-- test_case_homePageTest -->
  <testcase name="test_case_minePageTest" time="0.001" classname="com.youku.cases.SmokeTest">
    <skipped/>
  </testcase> <!-- test_case_minePageTest -->
  <testcase name="test_case_playPageTest" time="0.001" classname="com.youku.cases.SmokeTest">
    <skipped/>
  </testcase> <!-- test_case_playPageTest -->
  <testcase name="test_case_searchTest" time="0.001" classname="com.youku.cases.SmokeTest">
    <skipped/>
  </testcase> <!-- test_case_searchTest -->
  <testcase name="test_case_subscribePageTest" time="0.001" classname="com.youku.cases.SmokeTest">
    <skipped/>
  </testcase> <!-- test_case_subscribePageTest -->
  <testcase name="test_case_topLinePageTest" time="0.001" classname="com.youku.cases.SmokeTest">
    <skipped/>
  </testcase> <!-- test_case_topLinePageTest -->
  <testcase name="test_case_vipPageTest" time="0.001" classname="com.youku.cases.SmokeTest">
    <skipped/>
  </testcase> <!-- test_case_vipPageTest -->
</testsuite> <!-- Default test -->
