<?xml version="1.0" encoding="UTF-8"?>
<testng-results skipped="0" failed="2" total="18" passed="16">
  <reporter-output>
  </reporter-output>
  <suite name="IOS" duration-ms="125021" started-at="2017-07-25T08:17:38Z" finished-at="2017-07-25T08:19:43Z">
    <groups>
    </groups>
    <test name="IOSTest2" duration-ms="117237" started-at="2017-07-25T08:17:38Z" finished-at="2017-07-25T08:19:35Z">
      <class name="com.youku.cases.SmokeTest">
        <test-method status="PASS" signature="beforeRunTest(java.lang.String, java.lang.String, java.lang.String)[pri:0, instance:com.youku.cases.SmokeTest@4cf4d528]" name="beforeRunTest" is-config="true" duration-ms="34812" started-at="2017-07-25T16:17:38Z" finished-at="2017-07-25T16:18:13Z">
          <params>
            <param index="0">
              <value>
                <![CDATA[3457]]>
              </value>
            </param>
            <param index="1">
              <value>
                <![CDATA[8910]]>
              </value>
            </param>
            <param index="2">
              <value>
                <![CDATA[a7cf4ecadda076c9677f38f997bdf96215a62d01]]>
              </value>
            </param>
          </params>
          <reporter-output>
          </reporter-output>
        </test-method> <!-- beforeRunTest -->
        <test-method status="PASS" signature="test_case_channelPageTest()[pri:0, instance:com.youku.cases.SmokeTest@4cf4d528]" name="test_case_channelPageTest" duration-ms="33228" started-at="2017-07-25T16:18:13Z" finished-at="2017-07-25T16:18:46Z">
          <reporter-output>
          </reporter-output>
        </test-method> <!-- test_case_channelPageTest -->
        <test-method status="FAIL" signature="test_case_downLoadTest()[pri:0, instance:com.youku.cases.SmokeTest@4cf4d528]" name="test_case_downLoadTest" duration-ms="34800" started-at="2017-07-25T16:18:46Z" finished-at="2017-07-25T16:19:21Z">
          <exception class="java.lang.ClassCastException">
            <message>
              <![CDATA[com.alibaba.fastjson.JSONObject cannot be cast to com.alibaba.fastjson.JSONArray]]>
            </message>
            <full-stacktrace>
              <![CDATA[java.lang.ClassCastException: com.alibaba.fastjson.JSONObject cannot be cast to com.alibaba.fastjson.JSONArray
	at macaca.client.MacacaClient.findElements(MacacaClient.java:207)
	at macaca.client.MacacaClient.elementsByClassName(MacacaClient.java:678)
	at macaca.client.MacacaClient.getElementSelector(MacacaClient.java:434)
	at macaca.client.MacacaClient.countOfElements(MacacaClient.java:410)
	at macaca.java.biz.BaseMacacaClient.countOfElment(BaseMacacaClient.java:97)
	at com.youku.pages.VideoDetialPage.oppositeClikBtn(VideoDetialPage.java:34)
	at com.youku.cases.SmokeTest.test_case_downLoadTest(SmokeTest.java:154)
	at sun.reflect.NativeMethodAccessorImpl.invoke0(Native Method)
	at sun.reflect.NativeMethodAccessorImpl.invoke(NativeMethodAccessorImpl.java:62)
	at sun.reflect.DelegatingMethodAccessorImpl.invoke(DelegatingMethodAccessorImpl.java:43)
	at java.lang.reflect.Method.invoke(Method.java:498)
	at org.testng.internal.MethodInvocationHelper.invokeMethod(MethodInvocationHelper.java:86)
	at org.testng.internal.Invoker.invokeMethod(Invoker.java:643)
	at org.testng.internal.Invoker.invokeTestMethod(Invoker.java:820)
	at org.testng.internal.Invoker.invokeTestMethods(Invoker.java:1128)
	at org.testng.internal.TestMethodWorker.invokeTestMethods(TestMethodWorker.java:129)
	at org.testng.internal.TestMethodWorker.run(TestMethodWorker.java:112)
	at org.testng.TestRunner.privateRun(TestRunner.java:782)
	at org.testng.TestRunner.run(TestRunner.java:632)
	at org.testng.SuiteRunner.runTest(SuiteRunner.java:366)
	at org.testng.SuiteRunner.access$000(SuiteRunner.java:39)
	at org.testng.SuiteRunner$SuiteWorker.run(SuiteRunner.java:400)
	at org.testng.internal.thread.ThreadUtil$2.call(ThreadUtil.java:64)
	at java.util.concurrent.FutureTask.run(FutureTask.java:266)
	at java.util.concurrent.ThreadPoolExecutor.runWorker(ThreadPoolExecutor.java:1142)
	at java.util.concurrent.ThreadPoolExecutor$Worker.run(ThreadPoolExecutor.java:617)
	at java.lang.Thread.run(Thread.java:745)
]]>
            </full-stacktrace>
          </exception> <!-- java.lang.ClassCastException -->
          <reporter-output>
          </reporter-output>
        </test-method> <!-- test_case_downLoadTest -->
        <test-method status="PASS" signature="test_case_homePageTest()[pri:0, instance:com.youku.cases.SmokeTest@4cf4d528]" name="test_case_homePageTest" duration-ms="18" started-at="2017-07-25T16:19:21Z" finished-at="2017-07-25T16:19:21Z">
          <reporter-output>
          </reporter-output>
        </test-method> <!-- test_case_homePageTest -->
        <test-method status="PASS" signature="test_case_minePageTest()[pri:0, instance:com.youku.cases.SmokeTest@4cf4d528]" name="test_case_minePageTest" duration-ms="2052" started-at="2017-07-25T16:19:21Z" finished-at="2017-07-25T16:19:23Z">
          <reporter-output>
          </reporter-output>
        </test-method> <!-- test_case_minePageTest -->
        <test-method status="PASS" signature="test_case_playPageTest()[pri:0, instance:com.youku.cases.SmokeTest@4cf4d528]" name="test_case_playPageTest" duration-ms="6105" started-at="2017-07-25T16:19:23Z" finished-at="2017-07-25T16:19:29Z">
          <reporter-output>
          </reporter-output>
        </test-method> <!-- test_case_playPageTest -->
        <test-method status="PASS" signature="test_case_searchTest()[pri:0, instance:com.youku.cases.SmokeTest@4cf4d528]" name="test_case_searchTest" duration-ms="63" started-at="2017-07-25T16:19:29Z" finished-at="2017-07-25T16:19:29Z">
          <reporter-output>
          </reporter-output>
        </test-method> <!-- test_case_searchTest -->
        <test-method status="PASS" signature="test_case_subscribePageTest()[pri:0, instance:com.youku.cases.SmokeTest@4cf4d528]" name="test_case_subscribePageTest" duration-ms="2050" started-at="2017-07-25T16:19:29Z" finished-at="2017-07-25T16:19:31Z">
          <reporter-output>
          </reporter-output>
        </test-method> <!-- test_case_subscribePageTest -->
        <test-method status="PASS" signature="test_case_topLinePageTest()[pri:0, instance:com.youku.cases.SmokeTest@4cf4d528]" name="test_case_topLinePageTest" duration-ms="2042" started-at="2017-07-25T16:19:31Z" finished-at="2017-07-25T16:19:33Z">
          <reporter-output>
          </reporter-output>
        </test-method> <!-- test_case_topLinePageTest -->
        <test-method status="PASS" signature="test_case_vipPageTest()[pri:0, instance:com.youku.cases.SmokeTest@4cf4d528]" name="test_case_vipPageTest" duration-ms="2045" started-at="2017-07-25T16:19:33Z" finished-at="2017-07-25T16:19:35Z">
          <reporter-output>
          </reporter-output>
        </test-method> <!-- test_case_vipPageTest -->
        <test-method status="PASS" signature="tearDown()[pri:0, instance:com.youku.cases.SmokeTest@4cf4d528]" name="tearDown" is-config="true" duration-ms="5" started-at="2017-07-25T16:19:35Z" finished-at="2017-07-25T16:19:35Z">
          <reporter-output>
          </reporter-output>
        </test-method> <!-- tearDown -->
      </class> <!-- com.youku.cases.SmokeTest -->
    </test> <!-- IOSTest2 -->
    <test name="IOSTest1" duration-ms="125021" started-at="2017-07-25T08:17:38Z" finished-at="2017-07-25T08:19:43Z">
      <class name="com.youku.cases.SmokeTest">
        <test-method status="PASS" signature="beforeRunTest(java.lang.String, java.lang.String, java.lang.String)[pri:0, instance:com.youku.cases.SmokeTest@150c158]" name="beforeRunTest" is-config="true" duration-ms="88443" started-at="2017-07-25T16:17:38Z" finished-at="2017-07-25T16:19:06Z">
          <params>
            <param index="0">
              <value>
                <![CDATA[3456]]>
              </value>
            </param>
            <param index="1">
              <value>
                <![CDATA[8900]]>
              </value>
            </param>
            <param index="2">
              <value>
                <![CDATA[6f5bdc814734e5e9309145af42dfe710bcfe39d5]]>
              </value>
            </param>
          </params>
          <reporter-output>
          </reporter-output>
        </test-method> <!-- beforeRunTest -->
        <test-method status="PASS" signature="test_case_channelPageTest()[pri:0, instance:com.youku.cases.SmokeTest@150c158]" name="test_case_channelPageTest" duration-ms="8075" started-at="2017-07-25T16:19:06Z" finished-at="2017-07-25T16:19:15Z">
          <reporter-output>
          </reporter-output>
        </test-method> <!-- test_case_channelPageTest -->
        <test-method status="FAIL" signature="test_case_downLoadTest()[pri:0, instance:com.youku.cases.SmokeTest@150c158]" name="test_case_downLoadTest" duration-ms="14180" started-at="2017-07-25T16:19:15Z" finished-at="2017-07-25T16:19:29Z">
          <exception class="java.lang.ClassCastException">
            <message>
              <![CDATA[com.alibaba.fastjson.JSONObject cannot be cast to com.alibaba.fastjson.JSONArray]]>
            </message>
            <full-stacktrace>
              <![CDATA[java.lang.ClassCastException: com.alibaba.fastjson.JSONObject cannot be cast to com.alibaba.fastjson.JSONArray
	at macaca.client.MacacaClient.findElements(MacacaClient.java:207)
	at macaca.client.MacacaClient.elementsByClassName(MacacaClient.java:678)
	at macaca.client.MacacaClient.getElementSelector(MacacaClient.java:434)
	at macaca.client.MacacaClient.countOfElements(MacacaClient.java:410)
	at macaca.java.biz.BaseMacacaClient.countOfElment(BaseMacacaClient.java:97)
	at com.youku.pages.VideoDetialPage.oppositeClikBtn(VideoDetialPage.java:34)
	at com.youku.cases.SmokeTest.test_case_downLoadTest(SmokeTest.java:154)
	at sun.reflect.NativeMethodAccessorImpl.invoke0(Native Method)
	at sun.reflect.NativeMethodAccessorImpl.invoke(NativeMethodAccessorImpl.java:62)
	at sun.reflect.DelegatingMethodAccessorImpl.invoke(DelegatingMethodAccessorImpl.java:43)
	at java.lang.reflect.Method.invoke(Method.java:498)
	at org.testng.internal.MethodInvocationHelper.invokeMethod(MethodInvocationHelper.java:86)
	at org.testng.internal.Invoker.invokeMethod(Invoker.java:643)
	at org.testng.internal.Invoker.invokeTestMethod(Invoker.java:820)
	at org.testng.internal.Invoker.invokeTestMethods(Invoker.java:1128)
	at org.testng.internal.TestMethodWorker.invokeTestMethods(TestMethodWorker.java:129)
	at org.testng.internal.TestMethodWorker.run(TestMethodWorker.java:112)
	at org.testng.TestRunner.privateRun(TestRunner.java:782)
	at org.testng.TestRunner.run(TestRunner.java:632)
	at org.testng.SuiteRunner.runTest(SuiteRunner.java:366)
	at org.testng.SuiteRunner.access$000(SuiteRunner.java:39)
	at org.testng.SuiteRunner$SuiteWorker.run(SuiteRunner.java:400)
	at org.testng.internal.thread.ThreadUtil$2.call(ThreadUtil.java:64)
	at java.util.concurrent.FutureTask.run(FutureTask.java:266)
	at java.util.concurrent.ThreadPoolExecutor.runWorker(ThreadPoolExecutor.java:1142)
	at java.util.concurrent.ThreadPoolExecutor$Worker.run(ThreadPoolExecutor.java:617)
	at java.lang.Thread.run(Thread.java:745)
]]>
            </full-stacktrace>
          </exception> <!-- java.lang.ClassCastException -->
          <reporter-output>
          </reporter-output>
        </test-method> <!-- test_case_downLoadTest -->
        <test-method status="PASS" signature="test_case_homePageTest()[pri:0, instance:com.youku.cases.SmokeTest@150c158]" name="test_case_homePageTest" duration-ms="19" started-at="2017-07-25T16:19:29Z" finished-at="2017-07-25T16:19:29Z">
          <reporter-output>
          </reporter-output>
        </test-method> <!-- test_case_homePageTest -->
        <test-method status="PASS" signature="test_case_minePageTest()[pri:0, instance:com.youku.cases.SmokeTest@150c158]" name="test_case_minePageTest" duration-ms="2041" started-at="2017-07-25T16:19:29Z" finished-at="2017-07-25T16:19:31Z">
          <reporter-output>
          </reporter-output>
        </test-method> <!-- test_case_minePageTest -->
        <test-method status="PASS" signature="test_case_playPageTest()[pri:0, instance:com.youku.cases.SmokeTest@150c158]" name="test_case_playPageTest" duration-ms="6090" started-at="2017-07-25T16:19:31Z" finished-at="2017-07-25T16:19:37Z">
          <reporter-output>
          </reporter-output>
        </test-method> <!-- test_case_playPageTest -->
        <test-method status="PASS" signature="test_case_searchTest()[pri:0, instance:com.youku.cases.SmokeTest@150c158]" name="test_case_searchTest" duration-ms="39" started-at="2017-07-25T16:19:37Z" finished-at="2017-07-25T16:19:37Z">
          <reporter-output>
          </reporter-output>
        </test-method> <!-- test_case_searchTest -->
        <test-method status="PASS" signature="test_case_subscribePageTest()[pri:0, instance:com.youku.cases.SmokeTest@150c158]" name="test_case_subscribePageTest" duration-ms="2044" started-at="2017-07-25T16:19:37Z" finished-at="2017-07-25T16:19:39Z">
          <reporter-output>
          </reporter-output>
        </test-method> <!-- test_case_subscribePageTest -->
        <test-method status="PASS" signature="test_case_topLinePageTest()[pri:0, instance:com.youku.cases.SmokeTest@150c158]" name="test_case_topLinePageTest" duration-ms="2041" started-at="2017-07-25T16:19:39Z" finished-at="2017-07-25T16:19:41Z">
          <reporter-output>
          </reporter-output>
        </test-method> <!-- test_case_topLinePageTest -->
        <test-method status="PASS" signature="test_case_vipPageTest()[pri:0, instance:com.youku.cases.SmokeTest@150c158]" name="test_case_vipPageTest" duration-ms="2042" started-at="2017-07-25T16:19:41Z" finished-at="2017-07-25T16:19:43Z">
          <reporter-output>
          </reporter-output>
        </test-method> <!-- test_case_vipPageTest -->
        <test-method status="PASS" signature="tearDown()[pri:0, instance:com.youku.cases.SmokeTest@150c158]" name="tearDown" is-config="true" duration-ms="3" started-at="2017-07-25T16:19:43Z" finished-at="2017-07-25T16:19:43Z">
          <reporter-output>
          </reporter-output>
        </test-method> <!-- tearDown -->
      </class> <!-- com.youku.cases.SmokeTest -->
    </test> <!-- IOSTest1 -->
  </suite> <!-- IOS -->
</testng-results>
