<?xml version="1.0" encoding="UTF-8"?>
<!-- Generated by org.testng.reporters.JUnitReportReporter -->
<testsuite hostname="rogerdeMacBook-Pro.local" name="com.youku.cases.MinePageTest" tests="3" failures="0" timestamp="24 Jul 2017 09:40:10 GMT" time="0.002" errors="3">
  <testcase name="test_case_mine" time="0.001" classname="com.youku.cases.MinePageTest">
    <error type="com.alibaba.fastjson.JSONException" message="syntax error, pos 1, json : Internal Server Error">
      <![CDATA[com.alibaba.fastjson.JSONException: syntax error, pos 1, json : Internal Server Error
	at com.alibaba.fastjson.parser.DefaultJSONParser.parse(DefaultJSONParser.java:1361)
	at com.alibaba.fastjson.parser.DefaultJSONParser.parse(DefaultJSONParser.java:1268)
	at com.alibaba.fastjson.JSON.parse(JSON.java:137)
	at com.alibaba.fastjson.JSON.parse(JSON.java:128)
	at com.alibaba.fastjson.JSON.parseObject(JSON.java:201)
	at macaca.client.common.Utils.postRequest(Utils.java:114)
	at macaca.client.common.Utils.request(Utils.java:154)
	at macaca.client.commands.Session.createSession(Session.java:35)
	at macaca.client.MacacaClient.initDriver(MacacaClient.java:1174)
	at com.youku.cases.BaseTest.initDriver(BaseTest.java:73)
	at com.youku.cases.BaseTest.setUp(BaseTest.java:94)
	at sun.reflect.NativeMethodAccessorImpl.invoke0(Native Method)
	at sun.reflect.NativeMethodAccessorImpl.invoke(NativeMethodAccessorImpl.java:62)
	at sun.reflect.DelegatingMethodAccessorImpl.invoke(DelegatingMethodAccessorImpl.java:43)
	at java.lang.reflect.Method.invoke(Method.java:498)
	at org.testng.internal.MethodInvocationHelper.invokeMethod(MethodInvocationHelper.java:86)
	at org.testng.internal.Invoker.invokeConfigurationMethod(Invoker.java:514)
	at org.testng.internal.Invoker.invokeConfigurations(Invoker.java:215)
	at org.testng.internal.Invoker.invokeConfigurations(Invoker.java:142)
	at org.testng.internal.TestMethodWorker.invokeBeforeClassMethods(TestMethodWorker.java:178)
	at org.testng.internal.TestMethodWorker.run(TestMethodWorker.java:108)
	at org.testng.TestRunner.privateRun(TestRunner.java:782)
	at org.testng.TestRunner.run(TestRunner.java:632)
	at org.testng.SuiteRunner.runTest(SuiteRunner.java:366)
	at org.testng.SuiteRunner.access$000(SuiteRunner.java:39)
	at org.testng.SuiteRunner$SuiteWorker.run(SuiteRunner.java:400)
	at org.testng.internal.thread.ThreadUtil$2.call(ThreadUtil.java:64)
	at java.util.concurrent.FutureTask.run(FutureTask.java:266)
	at java.util.concurrent.ThreadPoolExecutor.runWorker(ThreadPoolExecutor.java:1142)
	at java.util.concurrent.ThreadPoolExecutor$Worker.run(ThreadPoolExecutor.java:617)
	at java.lang.Thread.run(Thread.java:745)
]]>
    </error>
  </testcase> <!-- test_case_mine -->
  <testcase name="test_case_mine" time="0.000" classname="com.youku.cases.MinePageTest">
    <error type="com.alibaba.fastjson.JSONException" message="syntax error, pos 1, json : Internal Server Error">
      <![CDATA[com.alibaba.fastjson.JSONException: syntax error, pos 1, json : Internal Server Error
	at com.alibaba.fastjson.parser.DefaultJSONParser.parse(DefaultJSONParser.java:1361)
	at com.alibaba.fastjson.parser.DefaultJSONParser.parse(DefaultJSONParser.java:1268)
	at com.alibaba.fastjson.JSON.parse(JSON.java:137)
	at com.alibaba.fastjson.JSON.parse(JSON.java:128)
	at com.alibaba.fastjson.JSON.parseObject(JSON.java:201)
	at macaca.client.common.Utils.postRequest(Utils.java:114)
	at macaca.client.common.Utils.request(Utils.java:154)
	at macaca.client.commands.Session.createSession(Session.java:35)
	at macaca.client.MacacaClient.initDriver(MacacaClient.java:1174)
	at com.youku.cases.BaseTest.initDriver(BaseTest.java:73)
	at com.youku.cases.BaseTest.setUp(BaseTest.java:94)
	at sun.reflect.NativeMethodAccessorImpl.invoke0(Native Method)
	at sun.reflect.NativeMethodAccessorImpl.invoke(NativeMethodAccessorImpl.java:62)
	at sun.reflect.DelegatingMethodAccessorImpl.invoke(DelegatingMethodAccessorImpl.java:43)
	at java.lang.reflect.Method.invoke(Method.java:498)
	at org.testng.internal.MethodInvocationHelper.invokeMethod(MethodInvocationHelper.java:86)
	at org.testng.internal.Invoker.invokeConfigurationMethod(Invoker.java:514)
	at org.testng.internal.Invoker.invokeConfigurations(Invoker.java:215)
	at org.testng.internal.Invoker.invokeConfigurations(Invoker.java:142)
	at org.testng.internal.TestMethodWorker.invokeBeforeClassMethods(TestMethodWorker.java:178)
	at org.testng.internal.TestMethodWorker.run(TestMethodWorker.java:108)
	at org.testng.TestRunner.privateRun(TestRunner.java:782)
	at org.testng.TestRunner.run(TestRunner.java:632)
	at org.testng.SuiteRunner.runTest(SuiteRunner.java:366)
	at org.testng.SuiteRunner.access$000(SuiteRunner.java:39)
	at org.testng.SuiteRunner$SuiteWorker.run(SuiteRunner.java:400)
	at org.testng.internal.thread.ThreadUtil$2.call(ThreadUtil.java:64)
	at java.util.concurrent.FutureTask.run(FutureTask.java:266)
	at java.util.concurrent.ThreadPoolExecutor.runWorker(ThreadPoolExecutor.java:1142)
	at java.util.concurrent.ThreadPoolExecutor$Worker.run(ThreadPoolExecutor.java:617)
	at java.lang.Thread.run(Thread.java:745)
]]>
    </error>
  </testcase> <!-- test_case_mine -->
  <testcase name="test_case_mine" time="0.001" classname="com.youku.cases.MinePageTest">
    <error type="com.alibaba.fastjson.JSONException" message="syntax error, pos 1, json : Internal Server Error">
      <![CDATA[com.alibaba.fastjson.JSONException: syntax error, pos 1, json : Internal Server Error
	at com.alibaba.fastjson.parser.DefaultJSONParser.parse(DefaultJSONParser.java:1361)
	at com.alibaba.fastjson.parser.DefaultJSONParser.parse(DefaultJSONParser.java:1268)
	at com.alibaba.fastjson.JSON.parse(JSON.java:137)
	at com.alibaba.fastjson.JSON.parse(JSON.java:128)
	at com.alibaba.fastjson.JSON.parseObject(JSON.java:201)
	at macaca.client.common.Utils.postRequest(Utils.java:114)
	at macaca.client.common.Utils.request(Utils.java:154)
	at macaca.client.commands.Session.createSession(Session.java:35)
	at macaca.client.MacacaClient.initDriver(MacacaClient.java:1174)
	at com.youku.cases.BaseTest.initDriver(BaseTest.java:73)
	at com.youku.cases.BaseTest.setUp(BaseTest.java:94)
	at sun.reflect.NativeMethodAccessorImpl.invoke0(Native Method)
	at sun.reflect.NativeMethodAccessorImpl.invoke(NativeMethodAccessorImpl.java:62)
	at sun.reflect.DelegatingMethodAccessorImpl.invoke(DelegatingMethodAccessorImpl.java:43)
	at java.lang.reflect.Method.invoke(Method.java:498)
	at org.testng.internal.MethodInvocationHelper.invokeMethod(MethodInvocationHelper.java:86)
	at org.testng.internal.Invoker.invokeConfigurationMethod(Invoker.java:514)
	at org.testng.internal.Invoker.invokeConfigurations(Invoker.java:215)
	at org.testng.internal.Invoker.invokeConfigurations(Invoker.java:142)
	at org.testng.internal.TestMethodWorker.invokeBeforeClassMethods(TestMethodWorker.java:178)
	at org.testng.internal.TestMethodWorker.run(TestMethodWorker.java:108)
	at org.testng.TestRunner.privateRun(TestRunner.java:782)
	at org.testng.TestRunner.run(TestRunner.java:632)
	at org.testng.SuiteRunner.runTest(SuiteRunner.java:366)
	at org.testng.SuiteRunner.access$000(SuiteRunner.java:39)
	at org.testng.SuiteRunner$SuiteWorker.run(SuiteRunner.java:400)
	at org.testng.internal.thread.ThreadUtil$2.call(ThreadUtil.java:64)
	at java.util.concurrent.FutureTask.run(FutureTask.java:266)
	at java.util.concurrent.ThreadPoolExecutor.runWorker(ThreadPoolExecutor.java:1142)
	at java.util.concurrent.ThreadPoolExecutor$Worker.run(ThreadPoolExecutor.java:617)
	at java.lang.Thread.run(Thread.java:745)
]]>
    </error>
  </testcase> <!-- test_case_mine -->
</testsuite> <!-- com.youku.cases.MinePageTest -->
