<?xml version="1.0" encoding="UTF-8"?>
<!-- Generated by org.testng.reporters.JUnitReportReporter -->
<testsuite hostname="rogerdeMacBook-Pro.local" name="com.youku.cases.SmokeTest" tests="18" failures="0" timestamp="25 Jul 2017 08:19:43 GMT" time="118.974" errors="2">
  <testcase name="test_case_subscribePageTest" time="2.050" classname="com.youku.cases.SmokeTest"/>
  <testcase name="test_case_topLinePageTest" time="2.041" classname="com.youku.cases.SmokeTest"/>
  <testcase name="test_case_searchTest" time="0.063" classname="com.youku.cases.SmokeTest"/>
  <testcase name="test_case_channelPageTest" time="8.075" classname="com.youku.cases.SmokeTest"/>
  <testcase name="test_case_downLoadTest" time="14.180" classname="com.youku.cases.SmokeTest">
    <error type="java.lang.ClassCastException" message="com.alibaba.fastjson.JSONObject cannot be cast to com.alibaba.fastjson.JSONArray">
      <![CDATA[java.lang.ClassCastException: com.alibaba.fastjson.JSONObject cannot be cast to com.alibaba.fastjson.JSONArray
	at macaca.client.MacacaClient.findElements(MacacaClient.java:207)
	at macaca.client.MacacaClient.elementsByClassName(MacacaClient.java:678)
	at macaca.client.MacacaClient.getElementSelector(MacacaClient.java:434)
	at macaca.client.MacacaClient.countOfElements(MacacaClient.java:410)
	at macaca.java.biz.BaseMacacaClient.countOfElment(BaseMacacaClient.java:97)
	at com.youku.pages.VideoDetialPage.oppositeClikBtn(VideoDetialPage.java:34)
	at com.youku.cases.SmokeTest.test_case_downLoadTest(SmokeTest.java:154)
	at sun.reflect.NativeMethodAccessorImpl.invoke0(Native Method)
	at sun.reflect.NativeMethodAccessorImpl.invoke(NativeMethodAccessorImpl.java:62)
	at sun.reflect.DelegatingMethodAccessorImpl.invoke(DelegatingMethodAccessorImpl.java:43)
	at java.lang.reflect.Method.invoke(Method.java:498)
	at org.testng.internal.MethodInvocationHelper.invokeMethod(MethodInvocationHelper.java:86)
	at org.testng.internal.Invoker.invokeMethod(Invoker.java:643)
	at org.testng.internal.Invoker.invokeTestMethod(Invoker.java:820)
	at org.testng.internal.Invoker.invokeTestMethods(Invoker.java:1128)
	at org.testng.internal.TestMethodWorker.invokeTestMethods(TestMethodWorker.java:129)
	at org.testng.internal.TestMethodWorker.run(TestMethodWorker.java:112)
	at org.testng.TestRunner.privateRun(TestRunner.java:782)
	at org.testng.TestRunner.run(TestRunner.java:632)
	at org.testng.SuiteRunner.runTest(SuiteRunner.java:366)
	at org.testng.SuiteRunner.access$000(SuiteRunner.java:39)
	at org.testng.SuiteRunner$SuiteWorker.run(SuiteRunner.java:400)
	at org.testng.internal.thread.ThreadUtil$2.call(ThreadUtil.java:64)
	at java.util.concurrent.FutureTask.run(FutureTask.java:266)
	at java.util.concurrent.ThreadPoolExecutor.runWorker(ThreadPoolExecutor.java:1142)
	at java.util.concurrent.ThreadPoolExecutor$Worker.run(ThreadPoolExecutor.java:617)
	at java.lang.Thread.run(Thread.java:745)
]]>
    </error>
  </testcase> <!-- test_case_downLoadTest -->
  <testcase name="test_case_homePageTest" time="0.019" classname="com.youku.cases.SmokeTest"/>
  <testcase name="test_case_subscribePageTest" time="2.044" classname="com.youku.cases.SmokeTest"/>
  <testcase name="test_case_playPageTest" time="6.105" classname="com.youku.cases.SmokeTest"/>
  <testcase name="test_case_searchTest" time="0.039" classname="com.youku.cases.SmokeTest"/>
  <testcase name="test_case_vipPageTest" time="2.045" classname="com.youku.cases.SmokeTest"/>
  <testcase name="test_case_vipPageTest" time="2.042" classname="com.youku.cases.SmokeTest"/>
  <testcase name="test_case_homePageTest" time="0.018" classname="com.youku.cases.SmokeTest"/>
  <testcase name="test_case_minePageTest" time="2.052" classname="com.youku.cases.SmokeTest"/>
  <testcase name="test_case_playPageTest" time="6.090" classname="com.youku.cases.SmokeTest"/>
  <testcase name="test_case_downLoadTest" time="34.800" classname="com.youku.cases.SmokeTest">
    <error type="java.lang.ClassCastException" message="com.alibaba.fastjson.JSONObject cannot be cast to com.alibaba.fastjson.JSONArray">
      <![CDATA[java.lang.ClassCastException: com.alibaba.fastjson.JSONObject cannot be cast to com.alibaba.fastjson.JSONArray
	at macaca.client.MacacaClient.findElements(MacacaClient.java:207)
	at macaca.client.MacacaClient.elementsByClassName(MacacaClient.java:678)
	at macaca.client.MacacaClient.getElementSelector(MacacaClient.java:434)
	at macaca.client.MacacaClient.countOfElements(MacacaClient.java:410)
	at macaca.java.biz.BaseMacacaClient.countOfElment(BaseMacacaClient.java:97)
	at com.youku.pages.VideoDetialPage.oppositeClikBtn(VideoDetialPage.java:34)
	at com.youku.cases.SmokeTest.test_case_downLoadTest(SmokeTest.java:154)
	at sun.reflect.NativeMethodAccessorImpl.invoke0(Native Method)
	at sun.reflect.NativeMethodAccessorImpl.invoke(NativeMethodAccessorImpl.java:62)
	at sun.reflect.DelegatingMethodAccessorImpl.invoke(DelegatingMethodAccessorImpl.java:43)
	at java.lang.reflect.Method.invoke(Method.java:498)
	at org.testng.internal.MethodInvocationHelper.invokeMethod(MethodInvocationHelper.java:86)
	at org.testng.internal.Invoker.invokeMethod(Invoker.java:643)
	at org.testng.internal.Invoker.invokeTestMethod(Invoker.java:820)
	at org.testng.internal.Invoker.invokeTestMethods(Invoker.java:1128)
	at org.testng.internal.TestMethodWorker.invokeTestMethods(TestMethodWorker.java:129)
	at org.testng.internal.TestMethodWorker.run(TestMethodWorker.java:112)
	at org.testng.TestRunner.privateRun(TestRunner.java:782)
	at org.testng.TestRunner.run(TestRunner.java:632)
	at org.testng.SuiteRunner.runTest(SuiteRunner.java:366)
	at org.testng.SuiteRunner.access$000(SuiteRunner.java:39)
	at org.testng.SuiteRunner$SuiteWorker.run(SuiteRunner.java:400)
	at org.testng.internal.thread.ThreadUtil$2.call(ThreadUtil.java:64)
	at java.util.concurrent.FutureTask.run(FutureTask.java:266)
	at java.util.concurrent.ThreadPoolExecutor.runWorker(ThreadPoolExecutor.java:1142)
	at java.util.concurrent.ThreadPoolExecutor$Worker.run(ThreadPoolExecutor.java:617)
	at java.lang.Thread.run(Thread.java:745)
]]>
    </error>
  </testcase> <!-- test_case_downLoadTest -->
  <testcase name="test_case_minePageTest" time="2.041" classname="com.youku.cases.SmokeTest"/>
  <testcase name="test_case_topLinePageTest" time="2.042" classname="com.youku.cases.SmokeTest"/>
  <testcase name="test_case_channelPageTest" time="33.228" classname="com.youku.cases.SmokeTest"/>
</testsuite> <!-- com.youku.cases.SmokeTest -->
